nohup: ignoring input
[INFO] Scanning for projects...
[INFO] 
[INFO] --------------------------< com.example:demo >--------------------------
[INFO] Building demo 1.0-SNAPSHOT
[INFO]   from pom.xml
[INFO] --------------------------------[ jar ]---------------------------------
[INFO] 
[INFO] >>> spring-boot:3.2.0:run (default-cli) > test-compile @ demo >>>
[INFO] 
[INFO] --- jacoco:0.8.11:prepare-agent (default) @ demo ---
[INFO] argLine set to "-javaagent:/home/intra/.m2/repository/org/jacoco/org.jacoco.agent/0.8.11/org.jacoco.agent-0.8.11-runtime.jar=destfile=/home/intra/Documents/Trabalhos/Engenharia de Testes de Software/PB/demo/target/jacoco.exec"
[INFO] 
[INFO] --- resources:3.3.1:resources (default-resources) @ demo ---
[INFO] Copying 1 resource from src/main/resources to target/classes
[INFO] Copying 2 resources from src/main/resources to target/classes
[INFO] 
[INFO] --- compiler:3.11.0:compile (default-compile) @ demo ---
[INFO] Nothing to compile - all classes are up to date
[INFO] 
[INFO] --- resources:3.3.1:testResources (default-testResources) @ demo ---
[INFO] Copying 1 resource from src/test/resources to target/test-classes
[INFO] 
[INFO] --- compiler:3.11.0:testCompile (default-testCompile) @ demo ---
[INFO] Nothing to compile - all classes are up to date
[INFO] 
[INFO] <<< spring-boot:3.2.0:run (default-cli) < test-compile @ demo <<<
[INFO] 
[INFO] 
[INFO] --- spring-boot:3.2.0:run (default-cli) @ demo ---
[INFO] Attaching agents: []

  .   ____          _            __ _ _
 /\\ / ___'_ __ _ _(_)_ __  __ _ \ \ \ \
( ( )\___ | '_ | '_| | '_ \/ _` | \ \ \ \
 \\/  ___)| |_)| | | | | || (_| |  ) ) ) )
  '  |____| .__|_| |_|_| |_\__, | / / / /
 =========|_|==============|___/=/_/_/_/
 :: Spring Boot ::                (v3.2.0)

2026-01-29T03:56:14.704-03:00  INFO 234832 --- [demo] [           main] com.example.App                          : Starting App using Java 21.0.9 with PID 234832 (/home/intra/Documents/Trabalhos/Engenharia de Testes de Software/PB/demo/target/classes started by intra in /home/intra/Documents/Trabalhos/Engenharia de Testes de Software/PB/demo)
2026-01-29T03:56:14.705-03:00 DEBUG 234832 --- [demo] [           main] com.example.App                          : Running with Spring Boot v3.2.0, Spring v6.1.1
2026-01-29T03:56:14.705-03:00  INFO 234832 --- [demo] [           main] com.example.App                          : No active profile set, falling back to 1 default profile: "default"
2026-01-29T03:56:14.999-03:00  INFO 234832 --- [demo] [           main] o.s.b.w.embedded.tomcat.TomcatWebServer  : Tomcat initialized with port 9090 (http)
2026-01-29T03:56:15.002-03:00  INFO 234832 --- [demo] [           main] o.apache.catalina.core.StandardService   : Starting service [Tomcat]
2026-01-29T03:56:15.003-03:00  INFO 234832 --- [demo] [           main] o.apache.catalina.core.StandardEngine    : Starting Servlet engine: [Apache Tomcat/10.1.16]
2026-01-29T03:56:15.023-03:00  INFO 234832 --- [demo] [           main] o.a.c.c.C.[Tomcat].[localhost].[/]       : Initializing Spring embedded WebApplicationContext
2026-01-29T03:56:15.023-03:00  INFO 234832 --- [demo] [           main] w.s.c.ServletWebServerApplicationContext : Root WebApplicationContext: initialization completed in 304 ms
2026-01-29T03:56:15.162-03:00  INFO 234832 --- [demo] [           main] o.s.b.w.embedded.tomcat.TomcatWebServer  : Tomcat started on port 9090 (http) with context path ''
2026-01-29T03:56:15.165-03:00  INFO 234832 --- [demo] [           main] com.example.App                          : Started App in 0.723 seconds (process running for 0.844)
2026-01-29T03:56:24.203-03:00  INFO 234832 --- [demo] [nio-9090-exec-1] o.a.c.c.C.[Tomcat].[localhost].[/]       : Initializing Spring DispatcherServlet 'dispatcherServlet'
2026-01-29T03:56:24.204-03:00  INFO 234832 --- [demo] [nio-9090-exec-1] o.s.web.servlet.DispatcherServlet        : Initializing Servlet 'dispatcherServlet'
2026-01-29T03:56:24.204-03:00  INFO 234832 --- [demo] [nio-9090-exec-1] o.s.web.servlet.DispatcherServlet        : Completed initialization in 0 ms
2026-01-29T03:57:04.293-03:00  WARN 234832 --- [demo] [nio-9090-exec-2] o.a.c.util.SessionIdGeneratorBase        : Creation of SecureRandom instance for session ID generation using [SHA1PRNG] took [176] milliseconds.
